2026-03-20 23:38:30.071 [main] INFO  org.testng.internal.Utils - [Utils] MethodGroupsHelper.sortMethods() took 0 ms.
2026-03-20 23:38:30.082 [main] INFO  org.testng.internal.Utils - [Utils] MethodGroupsHelper.collectMethodsByGroup() took 0 ms.
2026-03-20 23:38:30.082 [main] INFO  org.testng.internal.Utils - [Utils] MethodGroupsHelper.sortMethods() took 0 ms.
2026-03-20 23:38:30.082 [main] INFO  org.testng.internal.Utils - [Utils] MethodGroupsHelper.collectMethodsByGroup() took 0 ms.
2026-03-20 23:38:30.082 [main] INFO  org.testng.internal.Utils - [Utils] MethodGroupsHelper.sortMethods() took 0 ms.
2026-03-20 23:38:30.082 [main] INFO  org.testng.internal.Utils - [Utils] MethodGroupsHelper.collectMethodsByGroup() took 0 ms.
2026-03-20 23:38:30.096 [main] INFO  org.testng.internal.Utils - [Utils] MethodGroupsHelper.sortMethods() took 13 ms.
2026-03-20 23:38:30.096 [main] INFO  org.testng.internal.Utils - [Utils] MethodGroupsHelper.collectMethodsByGroup() took 0 ms.
2026-03-20 23:38:30.096 [main] INFO  org.testng.internal.Utils - [Utils] MethodGroupsHelper.sortMethods() took 0 ms.
2026-03-20 23:38:30.096 [main] INFO  org.testng.internal.Utils - [Utils] MethodGroupsHelper.collectMethodsByGroup() took 0 ms.
2026-03-20 23:38:30.096 [main] INFO  org.testng.internal.Utils - [Utils] MethodGroupsHelper.sortMethods() took 0 ms.
2026-03-20 23:38:30.112 [main] INFO  org.testng.internal.Utils - [TestNG] Running:
  P:\Selenium Java\Opencartv121\grouping.xml

2026-03-20 23:38:30.144 [main] INFO  org.testng.internal.Utils - [Utils] DynamicGraphHelper.createDynamicGraph() took 13 ms.
2026-03-20 23:38:34.371 [main] INFO  testCases.TC001_RegisterAccountTest - verify_account_registration Test Started
2026-03-20 23:38:36.419 [main] INFO  testCases.TC001_RegisterAccountTest - User Entered All Details and Clicked on I Agree 
2026-03-20 23:38:37.754 [main] INFO  testCases.TC001_RegisterAccountTest - verify_account_registration Test Completed
2026-03-20 23:38:40.987 [main] INFO  testCases.TC002_LoginAccountTest - User is on Home Page
2026-03-20 23:38:42.121 [main] INFO  testCases.TC002_LoginAccountTest - User clicked on Login From Dropdown and Navigated to LoginAccount Page
2026-03-20 23:38:42.741 [main] INFO  testCases.TC002_LoginAccountTest - User Successfully Logged in 
2026-03-20 23:38:44.261 [main] INFO  testCases.TC002_LoginAccountTest - User logged Out Successfully
2026-03-20 23:38:44.261 [main] INFO  testCases.TC002_LoginAccountTest - verify_account_login Successfully Executed
2026-03-20 23:38:44.667 [main] INFO  org.testng.internal.Utils - [TestNG] Time taken by org.testng.internal.ExitCodeListener@4a68135e: 0 ms
2026-03-20 23:39:16.590 [main] INFO  org.testng.internal.Utils - [Utils] MethodGroupsHelper.collectMethodsByGroup() took 2 ms.
2026-03-20 23:39:16.596 [main] INFO  org.testng.internal.Utils - [Utils] MethodGroupsHelper.sortMethods() took 0 ms.
2026-03-20 23:39:16.606 [main] INFO  org.testng.internal.Utils - [Utils] MethodGroupsHelper.collectMethodsByGroup() took 0 ms.
2026-03-20 23:39:16.606 [main] INFO  org.testng.internal.Utils - [Utils] MethodGroupsHelper.sortMethods() took 0 ms.
2026-03-20 23:39:16.608 [main] INFO  org.testng.internal.Utils - [Utils] MethodGroupsHelper.collectMethodsByGroup() took 0 ms.
2026-03-20 23:39:16.608 [main] INFO  org.testng.internal.Utils - [Utils] MethodGroupsHelper.sortMethods() took 0 ms.
2026-03-20 23:39:16.608 [main] INFO  org.testng.internal.Utils - [Utils] MethodGroupsHelper.collectMethodsByGroup() took 0 ms.
2026-03-20 23:39:16.608 [main] INFO  org.testng.internal.Utils - [Utils] MethodGroupsHelper.sortMethods() took 0 ms.
2026-03-20 23:39:16.622 [main] INFO  org.testng.internal.Utils - [Utils] MethodGroupsHelper.collectMethodsByGroup() took 13 ms.
2026-03-20 23:39:16.654 [main] INFO  org.testng.internal.Utils - [Utils] MethodGroupsHelper.sortMethods() took 31 ms.
2026-03-20 23:39:16.654 [main] INFO  org.testng.internal.Utils - [Utils] MethodGroupsHelper.collectMethodsByGroup() took 0 ms.
2026-03-20 23:39:16.654 [main] INFO  org.testng.internal.Utils - [Utils] MethodGroupsHelper.sortMethods() took 0 ms.
2026-03-20 23:39:16.654 [main] INFO  org.testng.internal.Utils - [Utils] MethodGroupsHelper.collectMethodsByGroup() took 0 ms.
2026-03-20 23:39:16.654 [main] INFO  org.testng.internal.Utils - [Utils] MethodGroupsHelper.sortMethods() took 0 ms.
2026-03-20 23:39:16.654 [main] INFO  org.testng.internal.Utils - [Utils] MethodGroupsHelper.collectMethodsByGroup() took 0 ms.
2026-03-20 23:39:16.654 [main] INFO  org.testng.internal.Utils - [Utils] MethodGroupsHelper.sortMethods() took 0 ms.
2026-03-20 23:39:16.670 [main] INFO  org.testng.internal.Utils - [Utils] MethodGroupsHelper.collectMethodsByGroup() took 0 ms.
2026-03-20 23:39:16.670 [main] INFO  org.testng.internal.Utils - [Utils] MethodGroupsHelper.sortMethods() took 0 ms.
2026-03-20 23:39:16.670 [main] INFO  org.testng.internal.Utils - [Utils] MethodGroupsHelper.collectMethodsByGroup() took 0 ms.
